<?xml version="1.0" encoding="UTF-8"?>
<testsuite xmlns:xsi="http://www.w3.org/2001/XMLSchema-instance" xsi:noNamespaceSchemaLocation="https://maven.apache.org/surefire/maven-surefire-plugin/xsd/surefire-test-report.xsd" name="com.wang.AppTest" time="0" tests="1" errors="0" skipped="0" failures="0">
  <properties>
    <property name="sun.desktop" value="windows"/>
    <property name="awt.toolkit" value="sun.awt.windows.WToolkit"/>
    <property name="file.encoding.pkg" value="sun.io"/>
    <property name="java.specification.version" value="1.8"/>
    <property name="sun.cpu.isalist" value="amd64"/>
    <property name="sun.jnu.encoding" value="GBK"/>
    <property name="java.class.path" value="D:\Arikan_Proj\coin-exchage\coin-admin\admin-api\target\test-classes;D:\Arikan_Proj\coin-exchage\coin-admin\admin-api\target\classes;D:\ArikanFiles\Maven3.5.3\Repo\junit\junit\3.8.1\junit-3.8.1.jar;D:\ArikanFiles\Maven3.5.3\Repo\org\projectlombok\lombok\1.18.20\lombok-1.18.20.jar;D:\ArikanFiles\Maven3.5.3\Repo\io\swagger\swagger-annotations\1.5.20\swagger-annotations-1.5.20.jar;D:\ArikanFiles\Maven3.5.3\Repo\com\baomidou\mybatis-plus-annotation\3.3.2\mybatis-plus-annotation-3.3.2.jar;D:\ArikanFiles\Maven3.5.3\Repo\org\mybatis\mybatis\3.5.4\mybatis-3.5.4.jar;D:\ArikanFiles\Maven3.5.3\Repo\com\fasterxml\jackson\core\jackson-annotations\2.11.4\jackson-annotations-2.11.4.jar;"/>
    <property name="java.vm.vendor" value="Oracle Corporation"/>
    <property name="sun.arch.data.model" value="64"/>
    <property name="user.variant" value=""/>
    <property name="java.vendor.url" value="http://java.oracle.com/"/>
    <property name="user.timezone" value="Asia/Shanghai"/>
    <property name="java.vm.specification.version" value="1.8"/>
    <property name="os.name" value="Windows 11"/>
    <property name="user.country" value="CN"/>
    <property name="sun.java.launcher" value="SUN_STANDARD"/>
    <property name="sun.boot.library.path" value="D:\ArikanFiles\JDK\jdk1.8\jre\bin"/>
    <property name="sun.java.command" value="C:\Users\Arikan\AppData\Local\Temp\surefire6412536257272028763\surefirebooter873370765632462357.jar C:\Users\Arikan\AppData\Local\Temp\surefire6412536257272028763 2025-04-14T12-03-56_951-jvmRun1 surefire4292812816207460316tmp surefire_33070069985401236623tmp"/>
    <property name="surefire.test.class.path" value="D:\Arikan_Proj\coin-exchage\coin-admin\admin-api\target\test-classes;D:\Arikan_Proj\coin-exchage\coin-admin\admin-api\target\classes;D:\ArikanFiles\Maven3.5.3\Repo\junit\junit\3.8.1\junit-3.8.1.jar;D:\ArikanFiles\Maven3.5.3\Repo\org\projectlombok\lombok\1.18.20\lombok-1.18.20.jar;D:\ArikanFiles\Maven3.5.3\Repo\io\swagger\swagger-annotations\1.5.20\swagger-annotations-1.5.20.jar;D:\ArikanFiles\Maven3.5.3\Repo\com\baomidou\mybatis-plus-annotation\3.3.2\mybatis-plus-annotation-3.3.2.jar;D:\ArikanFiles\Maven3.5.3\Repo\org\mybatis\mybatis\3.5.4\mybatis-3.5.4.jar;D:\ArikanFiles\Maven3.5.3\Repo\com\fasterxml\jackson\core\jackson-annotations\2.11.4\jackson-annotations-2.11.4.jar;"/>
    <property name="sun.cpu.endian" value="little"/>
    <property name="user.home" value="C:\Users\Arikan"/>
    <property name="user.language" value="zh"/>
    <property name="java.specification.vendor" value="Oracle Corporation"/>
    <property name="java.home" value="D:\ArikanFiles\JDK\jdk1.8\jre"/>
    <property name="basedir" value="D:\Arikan_Proj\coin-exchage\coin-admin\admin-api"/>
    <property name="file.separator" value="\"/>
    <property name="line.separator" value="&#10;"/>
    <property name="java.vm.specification.vendor" value="Oracle Corporation"/>
    <property name="java.specification.name" value="Java Platform API Specification"/>
    <property name="java.awt.graphicsenv" value="sun.awt.Win32GraphicsEnvironment"/>
    <property name="surefire.real.class.path" value="C:\Users\Arikan\AppData\Local\Temp\surefire6412536257272028763\surefirebooter873370765632462357.jar"/>
    <property name="sun.boot.class.path" value="D:\ArikanFiles\JDK\jdk1.8\jre\lib\resources.jar;D:\ArikanFiles\JDK\jdk1.8\jre\lib\rt.jar;D:\ArikanFiles\JDK\jdk1.8\jre\lib\jsse.jar;D:\ArikanFiles\JDK\jdk1.8\jre\lib\jce.jar;D:\ArikanFiles\JDK\jdk1.8\jre\lib\charsets.jar;D:\ArikanFiles\JDK\jdk1.8\jre\lib\jfr.jar;D:\ArikanFiles\JDK\jdk1.8\jre\classes"/>
    <property name="user.script" value=""/>
    <property name="sun.management.compiler" value="HotSpot 64-Bit Tiered Compilers"/>
    <property name="java.runtime.version" value="1.8.0_411-b09"/>
    <property name="user.name" value="Arikan"/>
    <property name="path.separator" value=";"/>
    <property name="os.version" value="10.0"/>
    <property name="java.endorsed.dirs" value="D:\ArikanFiles\JDK\jdk1.8\jre\lib\endorsed"/>
    <property name="java.runtime.name" value="Java(TM) SE Runtime Environment"/>
    <property name="file.encoding" value="GBK"/>
    <property name="java.vm.name" value="Java HotSpot(TM) 64-Bit Server VM"/>
    <property name="localRepository" value="D:\ArikanFiles\Maven3.5.3\Repo"/>
    <property name="java.vendor.url.bug" value="http://bugreport.sun.com/bugreport/"/>
    <property name="java.io.tmpdir" value="C:\Users\Arikan\AppData\Local\Temp\"/>
    <property name="java.version" value="1.8.0_411"/>
    <property name="user.dir" value="D:\Arikan_Proj\coin-exchage\coin-admin\admin-api"/>
    <property name="os.arch" value="amd64"/>
    <property name="java.vm.specification.name" value="Java Virtual Machine Specification"/>
    <property name="java.awt.printerjob" value="sun.awt.windows.WPrinterJob"/>
    <property name="sun.os.patch.level" value=""/>
    <property name="java.library.path" value="D:\ArikanFiles\JDK\jdk1.8\jre\bin;C:\Windows\Sun\Java\bin;C:\Windows\system32;C:\Windows;D:\ArikanFiles\JDK\jdk1.8\bin;D:\ArikanFiles\Maven3.5.3\apache-maven-3.5.3\bin;D:\ArikanFiles\MySQL8.0.33\installDir\bin;C:\Windows\system32;C:\Windows;C:\Windows\System32\Wbem;C:\Windows\System32\WindowsPowerShell\v1.0\;C:\Windows\System32\OpenSSH\;C:\Program Files (x86)\NVIDIA Corporation\PhysX\Common;C:\Program Files\NVIDIA Corporation\NVIDIA NvDLISR;C:\Program Files\dotnet\;D:\ArikanFiles\XShell8.0.0069\;D:\ArikanFiles\XFTP8.0.0068\;D:\ArikanFiles\Redis5.0.14\;D:\ArikanFiles\Git2.44.0\Git\cmd;D:\ArikanFiles\NVM\nvm;D:\ArikanFiles\NVM\nvm4w\nodejs;C:\Users\Arikan\AppData\Local\Microsoft\WindowsApps;D:\ArikanFiles\IDEAU2022.3.2\IntelliJ IDEA 2022.3.2\bin;;D:\ArikanFiles\VSCode1.99.2\Microsoft VS Code\bin;D:\ArikanFiles\NVM\nvm;D:\ArikanFiles\NVM\nvm4w\nodejs;."/>
    <property name="java.vm.info" value="mixed mode"/>
    <property name="java.vendor" value="Oracle Corporation"/>
    <property name="java.vm.version" value="25.411-b09"/>
    <property name="java.specification.maintenance.version" value="5"/>
    <property name="java.ext.dirs" value="D:\ArikanFiles\JDK\jdk1.8\jre\lib\ext;C:\Windows\Sun\Java\lib\ext"/>
    <property name="sun.io.unicode.encoding" value="UnicodeLittle"/>
    <property name="java.class.version" value="52.0"/>
  </properties>
  <testcase name="testApp" classname="com.wang.AppTest" time="0"/>
</testsuite>