<?xml version="1.0" encoding="UTF-8"?>
<testsuite xmlns:xsi="http://www.w3.org/2001/XMLSchema-instance" xsi:noNamespaceSchemaLocation="https://maven.apache.org/surefire/maven-surefire-plugin/xsd/surefire-test-report.xsd" name="com.wang.AppTest" time="0.007" tests="1" errors="0" skipped="0" failures="0">
  <properties>
    <property name="sun.desktop" value="windows"/>
    <property name="awt.toolkit" value="sun.awt.windows.WToolkit"/>
    <property name="file.encoding.pkg" value="sun.io"/>
    <property name="java.specification.version" value="1.8"/>
    <property name="sun.cpu.isalist" value="amd64"/>
    <property name="sun.jnu.encoding" value="GBK"/>
    <property name="java.class.path" value="D:\Arikan_Proj\JavaEE\CoinExchange\CoinExchange\coin-iaas\gateway-server\target\test-classes;D:\Arikan_Proj\JavaEE\CoinExchange\CoinExchange\coin-iaas\gateway-server\target\classes;c:\repo\org\springframework\cloud\spring-cloud-starter-gateway\2.2.2.RELEASE\spring-cloud-starter-gateway-2.2.2.RELEASE.jar;c:\repo\org\springframework\cloud\spring-cloud-starter\2.2.2.RELEASE\spring-cloud-starter-2.2.2.RELEASE.jar;c:\repo\org\springframework\cloud\spring-cloud-context\2.2.2.RELEASE\spring-cloud-context-2.2.2.RELEASE.jar;c:\repo\org\springframework\security\spring-security-crypto\5.3.9.RELEASE\spring-security-crypto-5.3.9.RELEASE.jar;c:\repo\org\springframework\cloud\spring-cloud-commons\2.2.2.RELEASE\spring-cloud-commons-2.2.2.RELEASE.jar;c:\repo\org\springframework\security\spring-security-rsa\1.0.9.RELEASE\spring-security-rsa-1.0.9.RELEASE.jar;c:\repo\org\bouncycastle\bcpkix-jdk15on\1.64\bcpkix-jdk15on-1.64.jar;c:\repo\org\bouncycastle\bcprov-jdk15on\1.64\bcprov-jdk15on-1.64.jar;c:\repo\org\springframework\cloud\spring-cloud-gateway-core\2.2.2.RELEASE\spring-cloud-gateway-core-2.2.2.RELEASE.jar;c:\repo\io\projectreactor\addons\reactor-extra\3.3.6.RELEASE\reactor-extra-3.3.6.RELEASE.jar;c:\repo\io\projectreactor\reactor-core\3.3.17.RELEASE\reactor-core-3.3.17.RELEASE.jar;c:\repo\org\reactivestreams\reactive-streams\1.0.3\reactive-streams-1.0.3.jar;c:\repo\org\springframework\boot\spring-boot-starter-webflux\2.3.12.RELEASE\spring-boot-starter-webflux-2.3.12.RELEASE.jar;c:\repo\org\springframework\boot\spring-boot-starter-json\2.3.12.RELEASE\spring-boot-starter-json-2.3.12.RELEASE.jar;c:\repo\com\fasterxml\jackson\core\jackson-databind\2.11.4\jackson-databind-2.11.4.jar;c:\repo\com\fasterxml\jackson\core\jackson-annotations\2.11.4\jackson-annotations-2.11.4.jar;c:\repo\com\fasterxml\jackson\datatype\jackson-datatype-jdk8\2.11.4\jackson-datatype-jdk8-2.11.4.jar;c:\repo\com\fasterxml\jackson\datatype\jackson-datatype-jsr310\2.11.4\jackson-datatype-jsr310-2.11.4.jar;c:\repo\com\fasterxml\jackson\module\jackson-module-parameter-names\2.11.4\jackson-module-parameter-names-2.11.4.jar;c:\repo\org\springframework\boot\spring-boot-starter-reactor-netty\2.3.12.RELEASE\spring-boot-starter-reactor-netty-2.3.12.RELEASE.jar;c:\repo\io\projectreactor\netty\reactor-netty\0.9.20.RELEASE\reactor-netty-0.9.20.RELEASE.jar;c:\repo\io\netty\netty-codec-http\4.1.65.Final\netty-codec-http-4.1.65.Final.jar;c:\repo\io\netty\netty-common\4.1.65.Final\netty-common-4.1.65.Final.jar;c:\repo\io\netty\netty-buffer\4.1.65.Final\netty-buffer-4.1.65.Final.jar;c:\repo\io\netty\netty-transport\4.1.65.Final\netty-transport-4.1.65.Final.jar;c:\repo\io\netty\netty-codec\4.1.65.Final\netty-codec-4.1.65.Final.jar;c:\repo\io\netty\netty-codec-http2\4.1.65.Final\netty-codec-http2-4.1.65.Final.jar;c:\repo\io\netty\netty-handler\4.1.65.Final\netty-handler-4.1.65.Final.jar;c:\repo\io\netty\netty-resolver\4.1.65.Final\netty-resolver-4.1.65.Final.jar;c:\repo\io\netty\netty-handler-proxy\4.1.65.Final\netty-handler-proxy-4.1.65.Final.jar;c:\repo\io\netty\netty-codec-socks\4.1.65.Final\netty-codec-socks-4.1.65.Final.jar;c:\repo\io\netty\netty-transport-native-epoll\4.1.65.Final\netty-transport-native-epoll-4.1.65.Final-linux-x86_64.jar;c:\repo\io\netty\netty-transport-native-unix-common\4.1.65.Final\netty-transport-native-unix-common-4.1.65.Final.jar;c:\repo\org\springframework\spring-web\5.2.15.RELEASE\spring-web-5.2.15.RELEASE.jar;c:\repo\org\springframework\spring-beans\5.2.15.RELEASE\spring-beans-5.2.15.RELEASE.jar;c:\repo\org\springframework\spring-webflux\5.2.15.RELEASE\spring-webflux-5.2.15.RELEASE.jar;c:\repo\org\synchronoss\cloud\nio-multipart-parser\1.1.0\nio-multipart-parser-1.1.0.jar;c:\repo\org\slf4j\slf4j-api\1.7.30\slf4j-api-1.7.30.jar;c:\repo\org\synchronoss\cloud\nio-stream-storage\1.1.3\nio-stream-storage-1.1.3.jar;c:\repo\com\alibaba\cloud\spring-cloud-starter-alibaba-nacos-discovery\2.2.0.RELEASE\spring-cloud-starter-alibaba-nacos-discovery-2.2.0.RELEASE.jar;c:\repo\com\alibaba\cloud\spring-cloud-alibaba-nacos-discovery\2.2.0.RELEASE\spring-cloud-alibaba-nacos-discovery-2.2.0.RELEASE.jar;c:\repo\com\alibaba\nacos\nacos-client\1.1.4\nacos-client-1.1.4.jar;c:\repo\com\alibaba\nacos\nacos-common\1.1.4\nacos-common-1.1.4.jar;c:\repo\commons-io\commons-io\2.2\commons-io-2.2.jar;c:\repo\org\apache\commons\commons-lang3\3.10\commons-lang3-3.10.jar;c:\repo\com\alibaba\nacos\nacos-api\1.1.4\nacos-api-1.1.4.jar;c:\repo\com\alibaba\fastjson\1.2.58\fastjson-1.2.58.jar;c:\repo\com\google\guava\guava\28.2-android\guava-28.2-android.jar;c:\repo\com\google\guava\failureaccess\1.0.1\failureaccess-1.0.1.jar;c:\repo\com\google\guava\listenablefuture\9999.0-empty-to-avoid-conflict-with-guava\listenablefuture-9999.0-empty-to-avoid-conflict-with-guava.jar;c:\repo\com\google\code\findbugs\jsr305\3.0.2\jsr305-3.0.2.jar;c:\repo\org\checkerframework\checker-compat-qual\2.5.5\checker-compat-qual-2.5.5.jar;c:\repo\com\google\errorprone\error_prone_annotations\2.3.4\error_prone_annotations-2.3.4.jar;c:\repo\com\google\j2objc\j2objc-annotations\1.3\j2objc-annotations-1.3.jar;c:\repo\commons-codec\commons-codec\1.14\commons-codec-1.14.jar;c:\repo\com\fasterxml\jackson\core\jackson-core\2.11.4\jackson-core-2.11.4.jar;c:\repo\io\prometheus\simpleclient\0.5.0\simpleclient-0.5.0.jar;c:\repo\com\alibaba\spring\spring-context-support\1.0.5\spring-context-support-1.0.5.jar;c:\repo\org\springframework\cloud\spring-cloud-starter-netflix-ribbon\2.2.2.RELEASE\spring-cloud-starter-netflix-ribbon-2.2.2.RELEASE.jar;c:\repo\org\springframework\cloud\spring-cloud-netflix-ribbon\2.2.2.RELEASE\spring-cloud-netflix-ribbon-2.2.2.RELEASE.jar;c:\repo\org\springframework\cloud\spring-cloud-netflix-archaius\2.2.2.RELEASE\spring-cloud-netflix-archaius-2.2.2.RELEASE.jar;c:\repo\org\springframework\cloud\spring-cloud-starter-netflix-archaius\2.2.2.RELEASE\spring-cloud-starter-netflix-archaius-2.2.2.RELEASE.jar;c:\repo\com\netflix\archaius\archaius-core\0.7.6\archaius-core-0.7.6.jar;c:\repo\commons-configuration\commons-configuration\1.8\commons-configuration-1.8.jar;c:\repo\com\netflix\ribbon\ribbon\2.3.0\ribbon-2.3.0.jar;c:\repo\com\netflix\ribbon\ribbon-transport\2.3.0\ribbon-transport-2.3.0.jar;c:\repo\io\reactivex\rxnetty-contexts\0.4.9\rxnetty-contexts-0.4.9.jar;c:\repo\io\reactivex\rxnetty-servo\0.4.9\rxnetty-servo-0.4.9.jar;c:\repo\com\netflix\hystrix\hystrix-core\1.5.18\hystrix-core-1.5.18.jar;c:\repo\org\hdrhistogram\HdrHistogram\2.1.9\HdrHistogram-2.1.9.jar;c:\repo\javax\inject\javax.inject\1\javax.inject-1.jar;c:\repo\io\reactivex\rxnetty\0.4.9\rxnetty-0.4.9.jar;c:\repo\com\netflix\ribbon\ribbon-core\2.3.0\ribbon-core-2.3.0.jar;c:\repo\commons-lang\commons-lang\2.6\commons-lang-2.6.jar;c:\repo\com\netflix\ribbon\ribbon-httpclient\2.3.0\ribbon-httpclient-2.3.0.jar;c:\repo\commons-collections\commons-collections\3.2.2\commons-collections-3.2.2.jar;c:\repo\org\apache\httpcomponents\httpclient\4.5.13\httpclient-4.5.13.jar;c:\repo\org\apache\httpcomponents\httpcore\4.4.14\httpcore-4.4.14.jar;c:\repo\com\sun\jersey\jersey-client\1.19.1\jersey-client-1.19.1.jar;c:\repo\com\sun\jersey\jersey-core\1.19.1\jersey-core-1.19.1.jar;c:\repo\javax\ws\rs\jsr311-api\1.1.1\jsr311-api-1.1.1.jar;c:\repo\com\sun\jersey\contribs\jersey-apache-client4\1.19.1\jersey-apache-client4-1.19.1.jar;c:\repo\com\netflix\servo\servo-core\0.12.21\servo-core-0.12.21.jar;c:\repo\com\netflix\netflix-commons\netflix-commons-util\0.3.0\netflix-commons-util-0.3.0.jar;c:\repo\com\netflix\ribbon\ribbon-loadbalancer\2.3.0\ribbon-loadbalancer-2.3.0.jar;c:\repo\com\netflix\netflix-commons\netflix-statistics\0.1.1\netflix-statistics-0.1.1.jar;c:\repo\io\reactivex\rxjava\1.3.8\rxjava-1.3.8.jar;c:\repo\org\springframework\boot\spring-boot-starter\2.3.12.RELEASE\spring-boot-starter-2.3.12.RELEASE.jar;c:\repo\org\springframework\boot\spring-boot\2.3.12.RELEASE\spring-boot-2.3.12.RELEASE.jar;c:\repo\org\springframework\spring-context\5.2.15.RELEASE\spring-context-5.2.15.RELEASE.jar;c:\repo\org\springframework\spring-aop\5.2.15.RELEASE\spring-aop-5.2.15.RELEASE.jar;c:\repo\org\springframework\spring-expression\5.2.15.RELEASE\spring-expression-5.2.15.RELEASE.jar;c:\repo\org\springframework\boot\spring-boot-autoconfigure\2.3.12.RELEASE\spring-boot-autoconfigure-2.3.12.RELEASE.jar;c:\repo\org\springframework\boot\spring-boot-starter-logging\2.3.12.RELEASE\spring-boot-starter-logging-2.3.12.RELEASE.jar;c:\repo\ch\qos\logback\logback-classic\1.2.3\logback-classic-1.2.3.jar;c:\repo\ch\qos\logback\logback-core\1.2.3\logback-core-1.2.3.jar;c:\repo\org\apache\logging\log4j\log4j-to-slf4j\2.13.3\log4j-to-slf4j-2.13.3.jar;c:\repo\org\apache\logging\log4j\log4j-api\2.13.3\log4j-api-2.13.3.jar;c:\repo\org\slf4j\jul-to-slf4j\1.7.30\jul-to-slf4j-1.7.30.jar;c:\repo\jakarta\annotation\jakarta.annotation-api\1.3.5\jakarta.annotation-api-1.3.5.jar;c:\repo\org\springframework\spring-core\5.2.15.RELEASE\spring-core-5.2.15.RELEASE.jar;c:\repo\org\springframework\spring-jcl\5.2.15.RELEASE\spring-jcl-5.2.15.RELEASE.jar;c:\repo\org\yaml\snakeyaml\1.26\snakeyaml-1.26.jar;c:\repo\junit\junit\3.8.1\junit-3.8.1.jar;"/>
    <property name="java.vm.vendor" value="Oracle Corporation"/>
    <property name="sun.arch.data.model" value="64"/>
    <property name="user.variant" value=""/>
    <property name="java.vendor.url" value="http://java.oracle.com/"/>
    <property name="user.timezone" value="Asia/Shanghai"/>
    <property name="java.vm.specification.version" value="1.8"/>
    <property name="os.name" value="Windows 10"/>
    <property name="user.country" value="CN"/>
    <property name="sun.java.launcher" value="SUN_STANDARD"/>
    <property name="sun.boot.library.path" value="D:\AriaknFile\JDK\JDK1.8\jdk-1.8\jre\bin"/>
    <property name="sun.java.command" value="C:\Users\a\AppData\Local\Temp\surefire8396957440241013243\surefirebooter8870307515749482571.jar C:\Users\a\AppData\Local\Temp\surefire8396957440241013243 2025-02-27T11-06-12_109-jvmRun1 surefire4410750979667547670tmp surefire_04939417469982392175tmp"/>
    <property name="surefire.test.class.path" value="D:\Arikan_Proj\JavaEE\CoinExchange\CoinExchange\coin-iaas\gateway-server\target\test-classes;D:\Arikan_Proj\JavaEE\CoinExchange\CoinExchange\coin-iaas\gateway-server\target\classes;c:\repo\org\springframework\cloud\spring-cloud-starter-gateway\2.2.2.RELEASE\spring-cloud-starter-gateway-2.2.2.RELEASE.jar;c:\repo\org\springframework\cloud\spring-cloud-starter\2.2.2.RELEASE\spring-cloud-starter-2.2.2.RELEASE.jar;c:\repo\org\springframework\cloud\spring-cloud-context\2.2.2.RELEASE\spring-cloud-context-2.2.2.RELEASE.jar;c:\repo\org\springframework\security\spring-security-crypto\5.3.9.RELEASE\spring-security-crypto-5.3.9.RELEASE.jar;c:\repo\org\springframework\cloud\spring-cloud-commons\2.2.2.RELEASE\spring-cloud-commons-2.2.2.RELEASE.jar;c:\repo\org\springframework\security\spring-security-rsa\1.0.9.RELEASE\spring-security-rsa-1.0.9.RELEASE.jar;c:\repo\org\bouncycastle\bcpkix-jdk15on\1.64\bcpkix-jdk15on-1.64.jar;c:\repo\org\bouncycastle\bcprov-jdk15on\1.64\bcprov-jdk15on-1.64.jar;c:\repo\org\springframework\cloud\spring-cloud-gateway-core\2.2.2.RELEASE\spring-cloud-gateway-core-2.2.2.RELEASE.jar;c:\repo\io\projectreactor\addons\reactor-extra\3.3.6.RELEASE\reactor-extra-3.3.6.RELEASE.jar;c:\repo\io\projectreactor\reactor-core\3.3.17.RELEASE\reactor-core-3.3.17.RELEASE.jar;c:\repo\org\reactivestreams\reactive-streams\1.0.3\reactive-streams-1.0.3.jar;c:\repo\org\springframework\boot\spring-boot-starter-webflux\2.3.12.RELEASE\spring-boot-starter-webflux-2.3.12.RELEASE.jar;c:\repo\org\springframework\boot\spring-boot-starter-json\2.3.12.RELEASE\spring-boot-starter-json-2.3.12.RELEASE.jar;c:\repo\com\fasterxml\jackson\core\jackson-databind\2.11.4\jackson-databind-2.11.4.jar;c:\repo\com\fasterxml\jackson\core\jackson-annotations\2.11.4\jackson-annotations-2.11.4.jar;c:\repo\com\fasterxml\jackson\datatype\jackson-datatype-jdk8\2.11.4\jackson-datatype-jdk8-2.11.4.jar;c:\repo\com\fasterxml\jackson\datatype\jackson-datatype-jsr310\2.11.4\jackson-datatype-jsr310-2.11.4.jar;c:\repo\com\fasterxml\jackson\module\jackson-module-parameter-names\2.11.4\jackson-module-parameter-names-2.11.4.jar;c:\repo\org\springframework\boot\spring-boot-starter-reactor-netty\2.3.12.RELEASE\spring-boot-starter-reactor-netty-2.3.12.RELEASE.jar;c:\repo\io\projectreactor\netty\reactor-netty\0.9.20.RELEASE\reactor-netty-0.9.20.RELEASE.jar;c:\repo\io\netty\netty-codec-http\4.1.65.Final\netty-codec-http-4.1.65.Final.jar;c:\repo\io\netty\netty-common\4.1.65.Final\netty-common-4.1.65.Final.jar;c:\repo\io\netty\netty-buffer\4.1.65.Final\netty-buffer-4.1.65.Final.jar;c:\repo\io\netty\netty-transport\4.1.65.Final\netty-transport-4.1.65.Final.jar;c:\repo\io\netty\netty-codec\4.1.65.Final\netty-codec-4.1.65.Final.jar;c:\repo\io\netty\netty-codec-http2\4.1.65.Final\netty-codec-http2-4.1.65.Final.jar;c:\repo\io\netty\netty-handler\4.1.65.Final\netty-handler-4.1.65.Final.jar;c:\repo\io\netty\netty-resolver\4.1.65.Final\netty-resolver-4.1.65.Final.jar;c:\repo\io\netty\netty-handler-proxy\4.1.65.Final\netty-handler-proxy-4.1.65.Final.jar;c:\repo\io\netty\netty-codec-socks\4.1.65.Final\netty-codec-socks-4.1.65.Final.jar;c:\repo\io\netty\netty-transport-native-epoll\4.1.65.Final\netty-transport-native-epoll-4.1.65.Final-linux-x86_64.jar;c:\repo\io\netty\netty-transport-native-unix-common\4.1.65.Final\netty-transport-native-unix-common-4.1.65.Final.jar;c:\repo\org\springframework\spring-web\5.2.15.RELEASE\spring-web-5.2.15.RELEASE.jar;c:\repo\org\springframework\spring-beans\5.2.15.RELEASE\spring-beans-5.2.15.RELEASE.jar;c:\repo\org\springframework\spring-webflux\5.2.15.RELEASE\spring-webflux-5.2.15.RELEASE.jar;c:\repo\org\synchronoss\cloud\nio-multipart-parser\1.1.0\nio-multipart-parser-1.1.0.jar;c:\repo\org\slf4j\slf4j-api\1.7.30\slf4j-api-1.7.30.jar;c:\repo\org\synchronoss\cloud\nio-stream-storage\1.1.3\nio-stream-storage-1.1.3.jar;c:\repo\com\alibaba\cloud\spring-cloud-starter-alibaba-nacos-discovery\2.2.0.RELEASE\spring-cloud-starter-alibaba-nacos-discovery-2.2.0.RELEASE.jar;c:\repo\com\alibaba\cloud\spring-cloud-alibaba-nacos-discovery\2.2.0.RELEASE\spring-cloud-alibaba-nacos-discovery-2.2.0.RELEASE.jar;c:\repo\com\alibaba\nacos\nacos-client\1.1.4\nacos-client-1.1.4.jar;c:\repo\com\alibaba\nacos\nacos-common\1.1.4\nacos-common-1.1.4.jar;c:\repo\commons-io\commons-io\2.2\commons-io-2.2.jar;c:\repo\org\apache\commons\commons-lang3\3.10\commons-lang3-3.10.jar;c:\repo\com\alibaba\nacos\nacos-api\1.1.4\nacos-api-1.1.4.jar;c:\repo\com\alibaba\fastjson\1.2.58\fastjson-1.2.58.jar;c:\repo\com\google\guava\guava\28.2-android\guava-28.2-android.jar;c:\repo\com\google\guava\failureaccess\1.0.1\failureaccess-1.0.1.jar;c:\repo\com\google\guava\listenablefuture\9999.0-empty-to-avoid-conflict-with-guava\listenablefuture-9999.0-empty-to-avoid-conflict-with-guava.jar;c:\repo\com\google\code\findbugs\jsr305\3.0.2\jsr305-3.0.2.jar;c:\repo\org\checkerframework\checker-compat-qual\2.5.5\checker-compat-qual-2.5.5.jar;c:\repo\com\google\errorprone\error_prone_annotations\2.3.4\error_prone_annotations-2.3.4.jar;c:\repo\com\google\j2objc\j2objc-annotations\1.3\j2objc-annotations-1.3.jar;c:\repo\commons-codec\commons-codec\1.14\commons-codec-1.14.jar;c:\repo\com\fasterxml\jackson\core\jackson-core\2.11.4\jackson-core-2.11.4.jar;c:\repo\io\prometheus\simpleclient\0.5.0\simpleclient-0.5.0.jar;c:\repo\com\alibaba\spring\spring-context-support\1.0.5\spring-context-support-1.0.5.jar;c:\repo\org\springframework\cloud\spring-cloud-starter-netflix-ribbon\2.2.2.RELEASE\spring-cloud-starter-netflix-ribbon-2.2.2.RELEASE.jar;c:\repo\org\springframework\cloud\spring-cloud-netflix-ribbon\2.2.2.RELEASE\spring-cloud-netflix-ribbon-2.2.2.RELEASE.jar;c:\repo\org\springframework\cloud\spring-cloud-netflix-archaius\2.2.2.RELEASE\spring-cloud-netflix-archaius-2.2.2.RELEASE.jar;c:\repo\org\springframework\cloud\spring-cloud-starter-netflix-archaius\2.2.2.RELEASE\spring-cloud-starter-netflix-archaius-2.2.2.RELEASE.jar;c:\repo\com\netflix\archaius\archaius-core\0.7.6\archaius-core-0.7.6.jar;c:\repo\commons-configuration\commons-configuration\1.8\commons-configuration-1.8.jar;c:\repo\com\netflix\ribbon\ribbon\2.3.0\ribbon-2.3.0.jar;c:\repo\com\netflix\ribbon\ribbon-transport\2.3.0\ribbon-transport-2.3.0.jar;c:\repo\io\reactivex\rxnetty-contexts\0.4.9\rxnetty-contexts-0.4.9.jar;c:\repo\io\reactivex\rxnetty-servo\0.4.9\rxnetty-servo-0.4.9.jar;c:\repo\com\netflix\hystrix\hystrix-core\1.5.18\hystrix-core-1.5.18.jar;c:\repo\org\hdrhistogram\HdrHistogram\2.1.9\HdrHistogram-2.1.9.jar;c:\repo\javax\inject\javax.inject\1\javax.inject-1.jar;c:\repo\io\reactivex\rxnetty\0.4.9\rxnetty-0.4.9.jar;c:\repo\com\netflix\ribbon\ribbon-core\2.3.0\ribbon-core-2.3.0.jar;c:\repo\commons-lang\commons-lang\2.6\commons-lang-2.6.jar;c:\repo\com\netflix\ribbon\ribbon-httpclient\2.3.0\ribbon-httpclient-2.3.0.jar;c:\repo\commons-collections\commons-collections\3.2.2\commons-collections-3.2.2.jar;c:\repo\org\apache\httpcomponents\httpclient\4.5.13\httpclient-4.5.13.jar;c:\repo\org\apache\httpcomponents\httpcore\4.4.14\httpcore-4.4.14.jar;c:\repo\com\sun\jersey\jersey-client\1.19.1\jersey-client-1.19.1.jar;c:\repo\com\sun\jersey\jersey-core\1.19.1\jersey-core-1.19.1.jar;c:\repo\javax\ws\rs\jsr311-api\1.1.1\jsr311-api-1.1.1.jar;c:\repo\com\sun\jersey\contribs\jersey-apache-client4\1.19.1\jersey-apache-client4-1.19.1.jar;c:\repo\com\netflix\servo\servo-core\0.12.21\servo-core-0.12.21.jar;c:\repo\com\netflix\netflix-commons\netflix-commons-util\0.3.0\netflix-commons-util-0.3.0.jar;c:\repo\com\netflix\ribbon\ribbon-loadbalancer\2.3.0\ribbon-loadbalancer-2.3.0.jar;c:\repo\com\netflix\netflix-commons\netflix-statistics\0.1.1\netflix-statistics-0.1.1.jar;c:\repo\io\reactivex\rxjava\1.3.8\rxjava-1.3.8.jar;c:\repo\org\springframework\boot\spring-boot-starter\2.3.12.RELEASE\spring-boot-starter-2.3.12.RELEASE.jar;c:\repo\org\springframework\boot\spring-boot\2.3.12.RELEASE\spring-boot-2.3.12.RELEASE.jar;c:\repo\org\springframework\spring-context\5.2.15.RELEASE\spring-context-5.2.15.RELEASE.jar;c:\repo\org\springframework\spring-aop\5.2.15.RELEASE\spring-aop-5.2.15.RELEASE.jar;c:\repo\org\springframework\spring-expression\5.2.15.RELEASE\spring-expression-5.2.15.RELEASE.jar;c:\repo\org\springframework\boot\spring-boot-autoconfigure\2.3.12.RELEASE\spring-boot-autoconfigure-2.3.12.RELEASE.jar;c:\repo\org\springframework\boot\spring-boot-starter-logging\2.3.12.RELEASE\spring-boot-starter-logging-2.3.12.RELEASE.jar;c:\repo\ch\qos\logback\logback-classic\1.2.3\logback-classic-1.2.3.jar;c:\repo\ch\qos\logback\logback-core\1.2.3\logback-core-1.2.3.jar;c:\repo\org\apache\logging\log4j\log4j-to-slf4j\2.13.3\log4j-to-slf4j-2.13.3.jar;c:\repo\org\apache\logging\log4j\log4j-api\2.13.3\log4j-api-2.13.3.jar;c:\repo\org\slf4j\jul-to-slf4j\1.7.30\jul-to-slf4j-1.7.30.jar;c:\repo\jakarta\annotation\jakarta.annotation-api\1.3.5\jakarta.annotation-api-1.3.5.jar;c:\repo\org\springframework\spring-core\5.2.15.RELEASE\spring-core-5.2.15.RELEASE.jar;c:\repo\org\springframework\spring-jcl\5.2.15.RELEASE\spring-jcl-5.2.15.RELEASE.jar;c:\repo\org\yaml\snakeyaml\1.26\snakeyaml-1.26.jar;c:\repo\junit\junit\3.8.1\junit-3.8.1.jar;"/>
    <property name="sun.cpu.endian" value="little"/>
    <property name="user.home" value="C:\Users\a"/>
    <property name="user.language" value="zh"/>
    <property name="java.specification.vendor" value="Oracle Corporation"/>
    <property name="java.home" value="D:\AriaknFile\JDK\JDK1.8\jdk-1.8\jre"/>
    <property name="basedir" value="D:\Arikan_Proj\JavaEE\CoinExchange\CoinExchange\coin-iaas\gateway-server"/>
    <property name="file.separator" value="\"/>
    <property name="line.separator" value="&#10;"/>
    <property name="java.vm.specification.vendor" value="Oracle Corporation"/>
    <property name="java.specification.name" value="Java Platform API Specification"/>
    <property name="java.awt.graphicsenv" value="sun.awt.Win32GraphicsEnvironment"/>
    <property name="surefire.real.class.path" value="C:\Users\a\AppData\Local\Temp\surefire8396957440241013243\surefirebooter8870307515749482571.jar"/>
    <property name="sun.boot.class.path" value="D:\AriaknFile\JDK\JDK1.8\jdk-1.8\jre\lib\resources.jar;D:\AriaknFile\JDK\JDK1.8\jdk-1.8\jre\lib\rt.jar;D:\AriaknFile\JDK\JDK1.8\jdk-1.8\jre\lib\jsse.jar;D:\AriaknFile\JDK\JDK1.8\jdk-1.8\jre\lib\jce.jar;D:\AriaknFile\JDK\JDK1.8\jdk-1.8\jre\lib\charsets.jar;D:\AriaknFile\JDK\JDK1.8\jdk-1.8\jre\lib\jfr.jar;D:\AriaknFile\JDK\JDK1.8\jdk-1.8\jre\classes"/>
    <property name="user.script" value=""/>
    <property name="sun.management.compiler" value="HotSpot 64-Bit Tiered Compilers"/>
    <property name="java.runtime.version" value="1.8.0_411-b09"/>
    <property name="user.name" value="a"/>
    <property name="path.separator" value=";"/>
    <property name="os.version" value="10.0"/>
    <property name="java.endorsed.dirs" value="D:\AriaknFile\JDK\JDK1.8\jdk-1.8\jre\lib\endorsed"/>
    <property name="java.runtime.name" value="Java(TM) SE Runtime Environment"/>
    <property name="file.encoding" value="GBK"/>
    <property name="java.vm.name" value="Java HotSpot(TM) 64-Bit Server VM"/>
    <property name="localRepository" value="c:\repo"/>
    <property name="java.vendor.url.bug" value="http://bugreport.sun.com/bugreport/"/>
    <property name="java.io.tmpdir" value="C:\Users\a\AppData\Local\Temp\"/>
    <property name="java.version" value="1.8.0_411"/>
    <property name="user.dir" value="D:\Arikan_Proj\JavaEE\CoinExchange\CoinExchange\coin-iaas\gateway-server"/>
    <property name="os.arch" value="amd64"/>
    <property name="java.vm.specification.name" value="Java Virtual Machine Specification"/>
    <property name="java.awt.printerjob" value="sun.awt.windows.WPrinterJob"/>
    <property name="sun.os.patch.level" value=""/>
    <property name="java.library.path" value="D:\AriaknFile\JDK\JDK1.8\jdk-1.8\jre\bin;C:\Windows\Sun\Java\bin;C:\Windows\system32;C:\Windows;D:\AriaknFile\JDK\JDK1.8\jdk-1.8\bin;D:\AriaknFile\Maven3.5.3\apache-maven-3.5.3\bin;D:\AriaknFile\VMware\VMware Workstation\bin\;C:\Program Files\Common Files\Oracle\Java\javapath;C:\Program Files (x86)\Common Files\Oracle\Java\java8path;C:\Program Files (x86)\Common Files\Oracle\Java\javapath;D:\mySql\installDir\bin;C:\Windows\system32;C:\Windows;C:\Windows\System32\Wbem;C:\Windows\System32\WindowsPowerShell\v1.0\;C:\Windows\System32\OpenSSH\;C:\Program Files (x86)\Microsoft SQL Server\160\Tools\Binn\;C:\Program Files\Microsoft SQL Server\160\Tools\Binn\;C:\Program Files\Microsoft SQL Server\Client SDK\ODBC\170\Tools\Binn\;C:\Program Files\Microsoft SQL Server\160\DTS\Binn\;C:\Program Files (x86)\Microsoft SQL Server\160\DTS\Binn\;C:\Program Files\Azure Data Studio\bin;D:\AriaknFile\AndroidStudio\AndroidStudio_3.4.0\gradle-5.1.1\bin;C:\Program Files\Google\Chrome\Application;D:\AriaknFile\AndroidStudio\gradle-5.1.1\bin;C:\Program Files\dotnet\;C:\Program Files\Microsoft SQL Server\130\Tools\Binn\;D:\AriaknFile\Git2.44.0\Git\cmd;D:\AriaknFile\Redis5.0.14\Redis-x64-5.0.14.1\;D:\AriaknFile\ffmpeg\bin;C:\ProgramData\chocolatey\bin;D:\AriaknFile\Node-V20.14.0\;D:\AriaknFile\Node-V20.14.0\node_modules\corepack\shims;D:\AriaknFile\XShell7.0.0164\sys\;D:\AriaknFile\XFTP7.0.0162\sys\;D:\AriaknFile\Jmeter5.6.3\apache-jmeter-5.6.3\bin;D:\AriaknFile\Python\python3.9.0file\Scripts\;D:\AriaknFile\Python\python3.9.0file\;D:\AriaknFile\Python\Scripts\;D:\AriaknFile\Python\;D:\AriaknFile\Python\Python_3.11.3\Scripts\;D:\AriaknFile\Python\Python_3.11.3\;C:\Users\a\AppData\Local\Microsoft\WindowsApps;%IntelliJ IDEA Community Edition%;D:\AriaknFile\VSCode\Vscode\Microsoft VS Code\bin;D:\AriaknFile\Ideal Ultimate\IntelliJ IDEA 2022.3.2\bin;;%JAVA_HONE%\bin;D:\AriaknFile\Python\PyCharm Community Edition 2023.1\bin;;D:\AriaknFile\Python\PyCharm_Ultimate\PyCharmSystemFiles\PyCharm 2023.1.3\bin;;C:\Program Files\Azure Data Studio\bin;C:\Users\a\.dotnet\tools;C:\Users\a\AppData\Local\GitHubDesktop\bin;C:\Users\a\AppData\Roaming\npm;D:\AriaknFile\WebStorm2024\WebStorm 2024.1.5\bin;;."/>
    <property name="java.vm.info" value="mixed mode"/>
    <property name="java.vendor" value="Oracle Corporation"/>
    <property name="java.vm.version" value="25.411-b09"/>
    <property name="java.specification.maintenance.version" value="5"/>
    <property name="java.ext.dirs" value="D:\AriaknFile\JDK\JDK1.8\jdk-1.8\jre\lib\ext;C:\Windows\Sun\Java\lib\ext"/>
    <property name="sun.io.unicode.encoding" value="UnicodeLittle"/>
    <property name="java.class.version" value="52.0"/>
  </properties>
  <testcase name="testApp" classname="com.wang.AppTest" time="0.001"/>
</testsuite>