<?xml version="1.0" encoding="UTF-8"?>
<testsuite xmlns:xsi="http://www.w3.org/2001/XMLSchema-instance" xsi:noNamespaceSchemaLocation="https://maven.apache.org/surefire/maven-surefire-plugin/xsd/surefire-test-report.xsd" name="com.wang.AppTest" time="0" tests="1" errors="0" skipped="0" failures="0">
  <properties>
    <property name="sun.desktop" value="windows"/>
    <property name="awt.toolkit" value="sun.awt.windows.WToolkit"/>
    <property name="file.encoding.pkg" value="sun.io"/>
    <property name="java.specification.version" value="1.8"/>
    <property name="sun.cpu.isalist" value="amd64"/>
    <property name="sun.jnu.encoding" value="GBK"/>
    <property name="java.class.path" value="D:\Arikan_Proj\coin-exchage\coin-iaas\authorization-server\target\test-classes;D:\Arikan_Proj\coin-exchage\coin-iaas\authorization-server\target\classes;D:\ArikanFiles\Maven3.5.3\Repo\junit\junit\3.8.1\junit-3.8.1.jar;D:\ArikanFiles\Maven3.5.3\Repo\com\alibaba\cloud\spring-cloud-alibaba-nacos-discovery\2.2.0.RELEASE\spring-cloud-alibaba-nacos-discovery-2.2.0.RELEASE.jar;D:\ArikanFiles\Maven3.5.3\Repo\com\alibaba\nacos\nacos-client\1.1.4\nacos-client-1.1.4.jar;D:\ArikanFiles\Maven3.5.3\Repo\com\alibaba\nacos\nacos-common\1.1.4\nacos-common-1.1.4.jar;D:\ArikanFiles\Maven3.5.3\Repo\commons-io\commons-io\2.2\commons-io-2.2.jar;D:\ArikanFiles\Maven3.5.3\Repo\org\apache\commons\commons-lang3\3.10\commons-lang3-3.10.jar;D:\ArikanFiles\Maven3.5.3\Repo\com\alibaba\nacos\nacos-api\1.1.4\nacos-api-1.1.4.jar;D:\ArikanFiles\Maven3.5.3\Repo\com\alibaba\fastjson\1.2.58\fastjson-1.2.58.jar;D:\ArikanFiles\Maven3.5.3\Repo\com\google\guava\guava\28.2-android\guava-28.2-android.jar;D:\ArikanFiles\Maven3.5.3\Repo\com\google\guava\failureaccess\1.0.1\failureaccess-1.0.1.jar;D:\ArikanFiles\Maven3.5.3\Repo\com\google\guava\listenablefuture\9999.0-empty-to-avoid-conflict-with-guava\listenablefuture-9999.0-empty-to-avoid-conflict-with-guava.jar;D:\ArikanFiles\Maven3.5.3\Repo\com\google\code\findbugs\jsr305\3.0.2\jsr305-3.0.2.jar;D:\ArikanFiles\Maven3.5.3\Repo\org\checkerframework\checker-compat-qual\2.5.5\checker-compat-qual-2.5.5.jar;D:\ArikanFiles\Maven3.5.3\Repo\com\google\errorprone\error_prone_annotations\2.3.4\error_prone_annotations-2.3.4.jar;D:\ArikanFiles\Maven3.5.3\Repo\com\google\j2objc\j2objc-annotations\1.3\j2objc-annotations-1.3.jar;D:\ArikanFiles\Maven3.5.3\Repo\commons-codec\commons-codec\1.14\commons-codec-1.14.jar;D:\ArikanFiles\Maven3.5.3\Repo\com\fasterxml\jackson\core\jackson-core\2.11.4\jackson-core-2.11.4.jar;D:\ArikanFiles\Maven3.5.3\Repo\com\fasterxml\jackson\core\jackson-databind\2.11.4\jackson-databind-2.11.4.jar;D:\ArikanFiles\Maven3.5.3\Repo\io\prometheus\simpleclient\0.5.0\simpleclient-0.5.0.jar;D:\ArikanFiles\Maven3.5.3\Repo\com\alibaba\spring\spring-context-support\1.0.5\spring-context-support-1.0.5.jar;D:\ArikanFiles\Maven3.5.3\Repo\org\springframework\cloud\spring-cloud-commons\2.2.2.RELEASE\spring-cloud-commons-2.2.2.RELEASE.jar;D:\ArikanFiles\Maven3.5.3\Repo\org\springframework\security\spring-security-crypto\5.3.9.RELEASE\spring-security-crypto-5.3.9.RELEASE.jar;D:\ArikanFiles\Maven3.5.3\Repo\org\springframework\cloud\spring-cloud-context\2.2.2.RELEASE\spring-cloud-context-2.2.2.RELEASE.jar;D:\ArikanFiles\Maven3.5.3\Repo\org\springframework\cloud\spring-cloud-starter-netflix-ribbon\2.2.2.RELEASE\spring-cloud-starter-netflix-ribbon-2.2.2.RELEASE.jar;D:\ArikanFiles\Maven3.5.3\Repo\org\springframework\cloud\spring-cloud-starter\2.2.2.RELEASE\spring-cloud-starter-2.2.2.RELEASE.jar;D:\ArikanFiles\Maven3.5.3\Repo\org\springframework\security\spring-security-rsa\1.0.9.RELEASE\spring-security-rsa-1.0.9.RELEASE.jar;D:\ArikanFiles\Maven3.5.3\Repo\org\springframework\cloud\spring-cloud-netflix-ribbon\2.2.2.RELEASE\spring-cloud-netflix-ribbon-2.2.2.RELEASE.jar;D:\ArikanFiles\Maven3.5.3\Repo\org\springframework\cloud\spring-cloud-netflix-archaius\2.2.2.RELEASE\spring-cloud-netflix-archaius-2.2.2.RELEASE.jar;D:\ArikanFiles\Maven3.5.3\Repo\org\springframework\cloud\spring-cloud-starter-netflix-archaius\2.2.2.RELEASE\spring-cloud-starter-netflix-archaius-2.2.2.RELEASE.jar;D:\ArikanFiles\Maven3.5.3\Repo\com\netflix\archaius\archaius-core\0.7.6\archaius-core-0.7.6.jar;D:\ArikanFiles\Maven3.5.3\Repo\commons-configuration\commons-configuration\1.8\commons-configuration-1.8.jar;D:\ArikanFiles\Maven3.5.3\Repo\com\netflix\ribbon\ribbon\2.3.0\ribbon-2.3.0.jar;D:\ArikanFiles\Maven3.5.3\Repo\com\netflix\ribbon\ribbon-transport\2.3.0\ribbon-transport-2.3.0.jar;D:\ArikanFiles\Maven3.5.3\Repo\io\reactivex\rxnetty-contexts\0.4.9\rxnetty-contexts-0.4.9.jar;D:\ArikanFiles\Maven3.5.3\Repo\io\reactivex\rxnetty-servo\0.4.9\rxnetty-servo-0.4.9.jar;D:\ArikanFiles\Maven3.5.3\Repo\com\netflix\hystrix\hystrix-core\1.5.18\hystrix-core-1.5.18.jar;D:\ArikanFiles\Maven3.5.3\Repo\org\hdrhistogram\HdrHistogram\2.1.9\HdrHistogram-2.1.9.jar;D:\ArikanFiles\Maven3.5.3\Repo\javax\inject\javax.inject\1\javax.inject-1.jar;D:\ArikanFiles\Maven3.5.3\Repo\io\reactivex\rxnetty\0.4.9\rxnetty-0.4.9.jar;D:\ArikanFiles\Maven3.5.3\Repo\com\netflix\ribbon\ribbon-core\2.3.0\ribbon-core-2.3.0.jar;D:\ArikanFiles\Maven3.5.3\Repo\commons-lang\commons-lang\2.6\commons-lang-2.6.jar;D:\ArikanFiles\Maven3.5.3\Repo\com\netflix\ribbon\ribbon-httpclient\2.3.0\ribbon-httpclient-2.3.0.jar;D:\ArikanFiles\Maven3.5.3\Repo\commons-collections\commons-collections\3.2.2\commons-collections-3.2.2.jar;D:\ArikanFiles\Maven3.5.3\Repo\org\apache\httpcomponents\httpclient\4.5.13\httpclient-4.5.13.jar;D:\ArikanFiles\Maven3.5.3\Repo\org\apache\httpcomponents\httpcore\4.4.14\httpcore-4.4.14.jar;D:\ArikanFiles\Maven3.5.3\Repo\com\sun\jersey\jersey-client\1.19.1\jersey-client-1.19.1.jar;D:\ArikanFiles\Maven3.5.3\Repo\com\sun\jersey\jersey-core\1.19.1\jersey-core-1.19.1.jar;D:\ArikanFiles\Maven3.5.3\Repo\javax\ws\rs\jsr311-api\1.1.1\jsr311-api-1.1.1.jar;D:\ArikanFiles\Maven3.5.3\Repo\com\sun\jersey\contribs\jersey-apache-client4\1.19.1\jersey-apache-client4-1.19.1.jar;D:\ArikanFiles\Maven3.5.3\Repo\com\netflix\servo\servo-core\0.12.21\servo-core-0.12.21.jar;D:\ArikanFiles\Maven3.5.3\Repo\com\netflix\netflix-commons\netflix-commons-util\0.3.0\netflix-commons-util-0.3.0.jar;D:\ArikanFiles\Maven3.5.3\Repo\com\netflix\ribbon\ribbon-loadbalancer\2.3.0\ribbon-loadbalancer-2.3.0.jar;D:\ArikanFiles\Maven3.5.3\Repo\com\netflix\netflix-commons\netflix-statistics\0.1.1\netflix-statistics-0.1.1.jar;D:\ArikanFiles\Maven3.5.3\Repo\io\reactivex\rxjava\1.3.8\rxjava-1.3.8.jar;D:\ArikanFiles\Maven3.5.3\Repo\org\springframework\cloud\spring-cloud-starter-oauth2\2.2.1.RELEASE\spring-cloud-starter-oauth2-2.2.1.RELEASE.jar;D:\ArikanFiles\Maven3.5.3\Repo\org\springframework\cloud\spring-cloud-starter-security\2.2.1.RELEASE\spring-cloud-starter-security-2.2.1.RELEASE.jar;D:\ArikanFiles\Maven3.5.3\Repo\org\springframework\boot\spring-boot-starter-actuator\2.3.12.RELEASE\spring-boot-starter-actuator-2.3.12.RELEASE.jar;D:\ArikanFiles\Maven3.5.3\Repo\org\springframework\boot\spring-boot-actuator-autoconfigure\2.3.12.RELEASE\spring-boot-actuator-autoconfigure-2.3.12.RELEASE.jar;D:\ArikanFiles\Maven3.5.3\Repo\org\springframework\boot\spring-boot-actuator\2.3.12.RELEASE\spring-boot-actuator-2.3.12.RELEASE.jar;D:\ArikanFiles\Maven3.5.3\Repo\io\micrometer\micrometer-core\1.5.14\micrometer-core-1.5.14.jar;D:\ArikanFiles\Maven3.5.3\Repo\org\latencyutils\LatencyUtils\2.0.3\LatencyUtils-2.0.3.jar;D:\ArikanFiles\Maven3.5.3\Repo\org\springframework\cloud\spring-cloud-security\2.2.1.RELEASE\spring-cloud-security-2.2.1.RELEASE.jar;D:\ArikanFiles\Maven3.5.3\Repo\org\springframework\boot\spring-boot-starter-security\2.3.12.RELEASE\spring-boot-starter-security-2.3.12.RELEASE.jar;D:\ArikanFiles\Maven3.5.3\Repo\org\springframework\security\oauth\boot\spring-security-oauth2-autoconfigure\2.1.2.RELEASE\spring-security-oauth2-autoconfigure-2.1.2.RELEASE.jar;D:\ArikanFiles\Maven3.5.3\Repo\com\sun\xml\bind\jaxb-core\2.3.0.1\jaxb-core-2.3.0.1.jar;D:\ArikanFiles\Maven3.5.3\Repo\com\sun\xml\bind\jaxb-impl\2.3.0.1\jaxb-impl-2.3.0.1.jar;D:\ArikanFiles\Maven3.5.3\Repo\javax\xml\bind\jaxb-api\2.3.1\jaxb-api-2.3.1.jar;D:\ArikanFiles\Maven3.5.3\Repo\javax\activation\javax.activation-api\1.2.0\javax.activation-api-1.2.0.jar;D:\ArikanFiles\Maven3.5.3\Repo\org\springframework\boot\spring-boot\2.3.12.RELEASE\spring-boot-2.3.12.RELEASE.jar;D:\ArikanFiles\Maven3.5.3\Repo\org\springframework\boot\spring-boot-autoconfigure\2.3.12.RELEASE\spring-boot-autoconfigure-2.3.12.RELEASE.jar;D:\ArikanFiles\Maven3.5.3\Repo\org\springframework\security\oauth\spring-security-oauth2\2.3.4.RELEASE\spring-security-oauth2-2.3.4.RELEASE.jar;D:\ArikanFiles\Maven3.5.3\Repo\org\springframework\security\spring-security-core\5.3.9.RELEASE\spring-security-core-5.3.9.RELEASE.jar;D:\ArikanFiles\Maven3.5.3\Repo\org\springframework\security\spring-security-config\5.3.9.RELEASE\spring-security-config-5.3.9.RELEASE.jar;D:\ArikanFiles\Maven3.5.3\Repo\org\springframework\security\spring-security-web\5.3.9.RELEASE\spring-security-web-5.3.9.RELEASE.jar;D:\ArikanFiles\Maven3.5.3\Repo\org\codehaus\jackson\jackson-mapper-asl\1.9.13\jackson-mapper-asl-1.9.13.jar;D:\ArikanFiles\Maven3.5.3\Repo\org\codehaus\jackson\jackson-core-asl\1.9.13\jackson-core-asl-1.9.13.jar;D:\ArikanFiles\Maven3.5.3\Repo\org\springframework\security\spring-security-jwt\1.0.9.RELEASE\spring-security-jwt-1.0.9.RELEASE.jar;D:\ArikanFiles\Maven3.5.3\Repo\org\bouncycastle\bcpkix-jdk15on\1.56\bcpkix-jdk15on-1.56.jar;D:\ArikanFiles\Maven3.5.3\Repo\org\bouncycastle\bcprov-jdk15on\1.56\bcprov-jdk15on-1.56.jar;D:\ArikanFiles\Maven3.5.3\Repo\org\springframework\boot\spring-boot-starter-web\2.3.12.RELEASE\spring-boot-starter-web-2.3.12.RELEASE.jar;D:\ArikanFiles\Maven3.5.3\Repo\org\springframework\boot\spring-boot-starter\2.3.12.RELEASE\spring-boot-starter-2.3.12.RELEASE.jar;D:\ArikanFiles\Maven3.5.3\Repo\org\springframework\boot\spring-boot-starter-logging\2.3.12.RELEASE\spring-boot-starter-logging-2.3.12.RELEASE.jar;D:\ArikanFiles\Maven3.5.3\Repo\ch\qos\logback\logback-classic\1.2.3\logback-classic-1.2.3.jar;D:\ArikanFiles\Maven3.5.3\Repo\ch\qos\logback\logback-core\1.2.3\logback-core-1.2.3.jar;D:\ArikanFiles\Maven3.5.3\Repo\org\apache\logging\log4j\log4j-to-slf4j\2.13.3\log4j-to-slf4j-2.13.3.jar;D:\ArikanFiles\Maven3.5.3\Repo\org\apache\logging\log4j\log4j-api\2.13.3\log4j-api-2.13.3.jar;D:\ArikanFiles\Maven3.5.3\Repo\org\slf4j\jul-to-slf4j\1.7.30\jul-to-slf4j-1.7.30.jar;D:\ArikanFiles\Maven3.5.3\Repo\jakarta\annotation\jakarta.annotation-api\1.3.5\jakarta.annotation-api-1.3.5.jar;D:\ArikanFiles\Maven3.5.3\Repo\org\springframework\spring-core\5.2.15.RELEASE\spring-core-5.2.15.RELEASE.jar;D:\ArikanFiles\Maven3.5.3\Repo\org\springframework\spring-jcl\5.2.15.RELEASE\spring-jcl-5.2.15.RELEASE.jar;D:\ArikanFiles\Maven3.5.3\Repo\org\yaml\snakeyaml\1.26\snakeyaml-1.26.jar;D:\ArikanFiles\Maven3.5.3\Repo\org\springframework\boot\spring-boot-starter-json\2.3.12.RELEASE\spring-boot-starter-json-2.3.12.RELEASE.jar;D:\ArikanFiles\Maven3.5.3\Repo\com\fasterxml\jackson\datatype\jackson-datatype-jdk8\2.11.4\jackson-datatype-jdk8-2.11.4.jar;D:\ArikanFiles\Maven3.5.3\Repo\com\fasterxml\jackson\datatype\jackson-datatype-jsr310\2.11.4\jackson-datatype-jsr310-2.11.4.jar;D:\ArikanFiles\Maven3.5.3\Repo\com\fasterxml\jackson\module\jackson-module-parameter-names\2.11.4\jackson-module-parameter-names-2.11.4.jar;D:\ArikanFiles\Maven3.5.3\Repo\org\springframework\boot\spring-boot-starter-tomcat\2.3.12.RELEASE\spring-boot-starter-tomcat-2.3.12.RELEASE.jar;D:\ArikanFiles\Maven3.5.3\Repo\org\apache\tomcat\embed\tomcat-embed-core\9.0.46\tomcat-embed-core-9.0.46.jar;D:\ArikanFiles\Maven3.5.3\Repo\org\glassfish\jakarta.el\3.0.3\jakarta.el-3.0.3.jar;D:\ArikanFiles\Maven3.5.3\Repo\org\apache\tomcat\embed\tomcat-embed-websocket\9.0.46\tomcat-embed-websocket-9.0.46.jar;D:\ArikanFiles\Maven3.5.3\Repo\org\springframework\spring-web\5.2.15.RELEASE\spring-web-5.2.15.RELEASE.jar;D:\ArikanFiles\Maven3.5.3\Repo\org\springframework\spring-beans\5.2.15.RELEASE\spring-beans-5.2.15.RELEASE.jar;D:\ArikanFiles\Maven3.5.3\Repo\org\springframework\spring-webmvc\5.2.15.RELEASE\spring-webmvc-5.2.15.RELEASE.jar;D:\ArikanFiles\Maven3.5.3\Repo\org\springframework\spring-aop\5.2.15.RELEASE\spring-aop-5.2.15.RELEASE.jar;D:\ArikanFiles\Maven3.5.3\Repo\org\springframework\spring-context\5.2.15.RELEASE\spring-context-5.2.15.RELEASE.jar;D:\ArikanFiles\Maven3.5.3\Repo\org\springframework\spring-expression\5.2.15.RELEASE\spring-expression-5.2.15.RELEASE.jar;D:\ArikanFiles\Maven3.5.3\Repo\org\springframework\boot\spring-boot-starter-data-redis\2.3.12.RELEASE\spring-boot-starter-data-redis-2.3.12.RELEASE.jar;D:\ArikanFiles\Maven3.5.3\Repo\org\springframework\data\spring-data-redis\2.3.9.RELEASE\spring-data-redis-2.3.9.RELEASE.jar;D:\ArikanFiles\Maven3.5.3\Repo\org\springframework\data\spring-data-keyvalue\2.3.9.RELEASE\spring-data-keyvalue-2.3.9.RELEASE.jar;D:\ArikanFiles\Maven3.5.3\Repo\org\springframework\data\spring-data-commons\2.3.9.RELEASE\spring-data-commons-2.3.9.RELEASE.jar;D:\ArikanFiles\Maven3.5.3\Repo\org\springframework\spring-tx\5.2.15.RELEASE\spring-tx-5.2.15.RELEASE.jar;D:\ArikanFiles\Maven3.5.3\Repo\org\springframework\spring-oxm\5.2.15.RELEASE\spring-oxm-5.2.15.RELEASE.jar;D:\ArikanFiles\Maven3.5.3\Repo\org\springframework\spring-context-support\5.2.15.RELEASE\spring-context-support-5.2.15.RELEASE.jar;D:\ArikanFiles\Maven3.5.3\Repo\org\slf4j\slf4j-api\1.7.30\slf4j-api-1.7.30.jar;D:\ArikanFiles\Maven3.5.3\Repo\io\lettuce\lettuce-core\5.3.7.RELEASE\lettuce-core-5.3.7.RELEASE.jar;D:\ArikanFiles\Maven3.5.3\Repo\io\netty\netty-common\4.1.65.Final\netty-common-4.1.65.Final.jar;D:\ArikanFiles\Maven3.5.3\Repo\io\netty\netty-handler\4.1.65.Final\netty-handler-4.1.65.Final.jar;D:\ArikanFiles\Maven3.5.3\Repo\io\netty\netty-resolver\4.1.65.Final\netty-resolver-4.1.65.Final.jar;D:\ArikanFiles\Maven3.5.3\Repo\io\netty\netty-buffer\4.1.65.Final\netty-buffer-4.1.65.Final.jar;D:\ArikanFiles\Maven3.5.3\Repo\io\netty\netty-codec\4.1.65.Final\netty-codec-4.1.65.Final.jar;D:\ArikanFiles\Maven3.5.3\Repo\io\netty\netty-transport\4.1.65.Final\netty-transport-4.1.65.Final.jar;D:\ArikanFiles\Maven3.5.3\Repo\io\projectreactor\reactor-core\3.3.17.RELEASE\reactor-core-3.3.17.RELEASE.jar;D:\ArikanFiles\Maven3.5.3\Repo\org\reactivestreams\reactive-streams\1.0.3\reactive-streams-1.0.3.jar;D:\ArikanFiles\Maven3.5.3\Repo\org\springframework\boot\spring-boot-starter-jdbc\2.3.12.RELEASE\spring-boot-starter-jdbc-2.3.12.RELEASE.jar;D:\ArikanFiles\Maven3.5.3\Repo\com\zaxxer\HikariCP\3.4.5\HikariCP-3.4.5.jar;D:\ArikanFiles\Maven3.5.3\Repo\org\springframework\spring-jdbc\5.2.15.RELEASE\spring-jdbc-5.2.15.RELEASE.jar;D:\ArikanFiles\Maven3.5.3\Repo\mysql\mysql-connector-java\8.0.25\mysql-connector-java-8.0.25.jar;D:\ArikanFiles\Maven3.5.3\Repo\org\projectlombok\lombok\1.18.20\lombok-1.18.20.jar;D:\ArikanFiles\Maven3.5.3\Repo\io\swagger\swagger-annotations\1.5.20\swagger-annotations-1.5.20.jar;D:\ArikanFiles\Maven3.5.3\Repo\com\baomidou\mybatis-plus-annotation\3.3.2\mybatis-plus-annotation-3.3.2.jar;D:\ArikanFiles\Maven3.5.3\Repo\org\mybatis\mybatis\3.5.4\mybatis-3.5.4.jar;D:\ArikanFiles\Maven3.5.3\Repo\com\fasterxml\jackson\core\jackson-annotations\2.11.4\jackson-annotations-2.11.4.jar;"/>
    <property name="java.vm.vendor" value="Oracle Corporation"/>
    <property name="sun.arch.data.model" value="64"/>
    <property name="user.variant" value=""/>
    <property name="java.vendor.url" value="http://java.oracle.com/"/>
    <property name="user.timezone" value="Asia/Shanghai"/>
    <property name="java.vm.specification.version" value="1.8"/>
    <property name="os.name" value="Windows 11"/>
    <property name="user.country" value="CN"/>
    <property name="sun.java.launcher" value="SUN_STANDARD"/>
    <property name="sun.boot.library.path" value="D:\ArikanFiles\JDK\jdk1.8\jre\bin"/>
    <property name="sun.java.command" value="C:\Users\Arikan\AppData\Local\Temp\surefire3459876677616337343\surefirebooter2841739427449999091.jar C:\Users\Arikan\AppData\Local\Temp\surefire3459876677616337343 2025-04-14T12-03-56_951-jvmRun1 surefire1070154638756370396tmp surefire_1463176220968887432tmp"/>
    <property name="surefire.test.class.path" value="D:\Arikan_Proj\coin-exchage\coin-iaas\authorization-server\target\test-classes;D:\Arikan_Proj\coin-exchage\coin-iaas\authorization-server\target\classes;D:\ArikanFiles\Maven3.5.3\Repo\junit\junit\3.8.1\junit-3.8.1.jar;D:\ArikanFiles\Maven3.5.3\Repo\com\alibaba\cloud\spring-cloud-alibaba-nacos-discovery\2.2.0.RELEASE\spring-cloud-alibaba-nacos-discovery-2.2.0.RELEASE.jar;D:\ArikanFiles\Maven3.5.3\Repo\com\alibaba\nacos\nacos-client\1.1.4\nacos-client-1.1.4.jar;D:\ArikanFiles\Maven3.5.3\Repo\com\alibaba\nacos\nacos-common\1.1.4\nacos-common-1.1.4.jar;D:\ArikanFiles\Maven3.5.3\Repo\commons-io\commons-io\2.2\commons-io-2.2.jar;D:\ArikanFiles\Maven3.5.3\Repo\org\apache\commons\commons-lang3\3.10\commons-lang3-3.10.jar;D:\ArikanFiles\Maven3.5.3\Repo\com\alibaba\nacos\nacos-api\1.1.4\nacos-api-1.1.4.jar;D:\ArikanFiles\Maven3.5.3\Repo\com\alibaba\fastjson\1.2.58\fastjson-1.2.58.jar;D:\ArikanFiles\Maven3.5.3\Repo\com\google\guava\guava\28.2-android\guava-28.2-android.jar;D:\ArikanFiles\Maven3.5.3\Repo\com\google\guava\failureaccess\1.0.1\failureaccess-1.0.1.jar;D:\ArikanFiles\Maven3.5.3\Repo\com\google\guava\listenablefuture\9999.0-empty-to-avoid-conflict-with-guava\listenablefuture-9999.0-empty-to-avoid-conflict-with-guava.jar;D:\ArikanFiles\Maven3.5.3\Repo\com\google\code\findbugs\jsr305\3.0.2\jsr305-3.0.2.jar;D:\ArikanFiles\Maven3.5.3\Repo\org\checkerframework\checker-compat-qual\2.5.5\checker-compat-qual-2.5.5.jar;D:\ArikanFiles\Maven3.5.3\Repo\com\google\errorprone\error_prone_annotations\2.3.4\error_prone_annotations-2.3.4.jar;D:\ArikanFiles\Maven3.5.3\Repo\com\google\j2objc\j2objc-annotations\1.3\j2objc-annotations-1.3.jar;D:\ArikanFiles\Maven3.5.3\Repo\commons-codec\commons-codec\1.14\commons-codec-1.14.jar;D:\ArikanFiles\Maven3.5.3\Repo\com\fasterxml\jackson\core\jackson-core\2.11.4\jackson-core-2.11.4.jar;D:\ArikanFiles\Maven3.5.3\Repo\com\fasterxml\jackson\core\jackson-databind\2.11.4\jackson-databind-2.11.4.jar;D:\ArikanFiles\Maven3.5.3\Repo\io\prometheus\simpleclient\0.5.0\simpleclient-0.5.0.jar;D:\ArikanFiles\Maven3.5.3\Repo\com\alibaba\spring\spring-context-support\1.0.5\spring-context-support-1.0.5.jar;D:\ArikanFiles\Maven3.5.3\Repo\org\springframework\cloud\spring-cloud-commons\2.2.2.RELEASE\spring-cloud-commons-2.2.2.RELEASE.jar;D:\ArikanFiles\Maven3.5.3\Repo\org\springframework\security\spring-security-crypto\5.3.9.RELEASE\spring-security-crypto-5.3.9.RELEASE.jar;D:\ArikanFiles\Maven3.5.3\Repo\org\springframework\cloud\spring-cloud-context\2.2.2.RELEASE\spring-cloud-context-2.2.2.RELEASE.jar;D:\ArikanFiles\Maven3.5.3\Repo\org\springframework\cloud\spring-cloud-starter-netflix-ribbon\2.2.2.RELEASE\spring-cloud-starter-netflix-ribbon-2.2.2.RELEASE.jar;D:\ArikanFiles\Maven3.5.3\Repo\org\springframework\cloud\spring-cloud-starter\2.2.2.RELEASE\spring-cloud-starter-2.2.2.RELEASE.jar;D:\ArikanFiles\Maven3.5.3\Repo\org\springframework\security\spring-security-rsa\1.0.9.RELEASE\spring-security-rsa-1.0.9.RELEASE.jar;D:\ArikanFiles\Maven3.5.3\Repo\org\springframework\cloud\spring-cloud-netflix-ribbon\2.2.2.RELEASE\spring-cloud-netflix-ribbon-2.2.2.RELEASE.jar;D:\ArikanFiles\Maven3.5.3\Repo\org\springframework\cloud\spring-cloud-netflix-archaius\2.2.2.RELEASE\spring-cloud-netflix-archaius-2.2.2.RELEASE.jar;D:\ArikanFiles\Maven3.5.3\Repo\org\springframework\cloud\spring-cloud-starter-netflix-archaius\2.2.2.RELEASE\spring-cloud-starter-netflix-archaius-2.2.2.RELEASE.jar;D:\ArikanFiles\Maven3.5.3\Repo\com\netflix\archaius\archaius-core\0.7.6\archaius-core-0.7.6.jar;D:\ArikanFiles\Maven3.5.3\Repo\commons-configuration\commons-configuration\1.8\commons-configuration-1.8.jar;D:\ArikanFiles\Maven3.5.3\Repo\com\netflix\ribbon\ribbon\2.3.0\ribbon-2.3.0.jar;D:\ArikanFiles\Maven3.5.3\Repo\com\netflix\ribbon\ribbon-transport\2.3.0\ribbon-transport-2.3.0.jar;D:\ArikanFiles\Maven3.5.3\Repo\io\reactivex\rxnetty-contexts\0.4.9\rxnetty-contexts-0.4.9.jar;D:\ArikanFiles\Maven3.5.3\Repo\io\reactivex\rxnetty-servo\0.4.9\rxnetty-servo-0.4.9.jar;D:\ArikanFiles\Maven3.5.3\Repo\com\netflix\hystrix\hystrix-core\1.5.18\hystrix-core-1.5.18.jar;D:\ArikanFiles\Maven3.5.3\Repo\org\hdrhistogram\HdrHistogram\2.1.9\HdrHistogram-2.1.9.jar;D:\ArikanFiles\Maven3.5.3\Repo\javax\inject\javax.inject\1\javax.inject-1.jar;D:\ArikanFiles\Maven3.5.3\Repo\io\reactivex\rxnetty\0.4.9\rxnetty-0.4.9.jar;D:\ArikanFiles\Maven3.5.3\Repo\com\netflix\ribbon\ribbon-core\2.3.0\ribbon-core-2.3.0.jar;D:\ArikanFiles\Maven3.5.3\Repo\commons-lang\commons-lang\2.6\commons-lang-2.6.jar;D:\ArikanFiles\Maven3.5.3\Repo\com\netflix\ribbon\ribbon-httpclient\2.3.0\ribbon-httpclient-2.3.0.jar;D:\ArikanFiles\Maven3.5.3\Repo\commons-collections\commons-collections\3.2.2\commons-collections-3.2.2.jar;D:\ArikanFiles\Maven3.5.3\Repo\org\apache\httpcomponents\httpclient\4.5.13\httpclient-4.5.13.jar;D:\ArikanFiles\Maven3.5.3\Repo\org\apache\httpcomponents\httpcore\4.4.14\httpcore-4.4.14.jar;D:\ArikanFiles\Maven3.5.3\Repo\com\sun\jersey\jersey-client\1.19.1\jersey-client-1.19.1.jar;D:\ArikanFiles\Maven3.5.3\Repo\com\sun\jersey\jersey-core\1.19.1\jersey-core-1.19.1.jar;D:\ArikanFiles\Maven3.5.3\Repo\javax\ws\rs\jsr311-api\1.1.1\jsr311-api-1.1.1.jar;D:\ArikanFiles\Maven3.5.3\Repo\com\sun\jersey\contribs\jersey-apache-client4\1.19.1\jersey-apache-client4-1.19.1.jar;D:\ArikanFiles\Maven3.5.3\Repo\com\netflix\servo\servo-core\0.12.21\servo-core-0.12.21.jar;D:\ArikanFiles\Maven3.5.3\Repo\com\netflix\netflix-commons\netflix-commons-util\0.3.0\netflix-commons-util-0.3.0.jar;D:\ArikanFiles\Maven3.5.3\Repo\com\netflix\ribbon\ribbon-loadbalancer\2.3.0\ribbon-loadbalancer-2.3.0.jar;D:\ArikanFiles\Maven3.5.3\Repo\com\netflix\netflix-commons\netflix-statistics\0.1.1\netflix-statistics-0.1.1.jar;D:\ArikanFiles\Maven3.5.3\Repo\io\reactivex\rxjava\1.3.8\rxjava-1.3.8.jar;D:\ArikanFiles\Maven3.5.3\Repo\org\springframework\cloud\spring-cloud-starter-oauth2\2.2.1.RELEASE\spring-cloud-starter-oauth2-2.2.1.RELEASE.jar;D:\ArikanFiles\Maven3.5.3\Repo\org\springframework\cloud\spring-cloud-starter-security\2.2.1.RELEASE\spring-cloud-starter-security-2.2.1.RELEASE.jar;D:\ArikanFiles\Maven3.5.3\Repo\org\springframework\boot\spring-boot-starter-actuator\2.3.12.RELEASE\spring-boot-starter-actuator-2.3.12.RELEASE.jar;D:\ArikanFiles\Maven3.5.3\Repo\org\springframework\boot\spring-boot-actuator-autoconfigure\2.3.12.RELEASE\spring-boot-actuator-autoconfigure-2.3.12.RELEASE.jar;D:\ArikanFiles\Maven3.5.3\Repo\org\springframework\boot\spring-boot-actuator\2.3.12.RELEASE\spring-boot-actuator-2.3.12.RELEASE.jar;D:\ArikanFiles\Maven3.5.3\Repo\io\micrometer\micrometer-core\1.5.14\micrometer-core-1.5.14.jar;D:\ArikanFiles\Maven3.5.3\Repo\org\latencyutils\LatencyUtils\2.0.3\LatencyUtils-2.0.3.jar;D:\ArikanFiles\Maven3.5.3\Repo\org\springframework\cloud\spring-cloud-security\2.2.1.RELEASE\spring-cloud-security-2.2.1.RELEASE.jar;D:\ArikanFiles\Maven3.5.3\Repo\org\springframework\boot\spring-boot-starter-security\2.3.12.RELEASE\spring-boot-starter-security-2.3.12.RELEASE.jar;D:\ArikanFiles\Maven3.5.3\Repo\org\springframework\security\oauth\boot\spring-security-oauth2-autoconfigure\2.1.2.RELEASE\spring-security-oauth2-autoconfigure-2.1.2.RELEASE.jar;D:\ArikanFiles\Maven3.5.3\Repo\com\sun\xml\bind\jaxb-core\2.3.0.1\jaxb-core-2.3.0.1.jar;D:\ArikanFiles\Maven3.5.3\Repo\com\sun\xml\bind\jaxb-impl\2.3.0.1\jaxb-impl-2.3.0.1.jar;D:\ArikanFiles\Maven3.5.3\Repo\javax\xml\bind\jaxb-api\2.3.1\jaxb-api-2.3.1.jar;D:\ArikanFiles\Maven3.5.3\Repo\javax\activation\javax.activation-api\1.2.0\javax.activation-api-1.2.0.jar;D:\ArikanFiles\Maven3.5.3\Repo\org\springframework\boot\spring-boot\2.3.12.RELEASE\spring-boot-2.3.12.RELEASE.jar;D:\ArikanFiles\Maven3.5.3\Repo\org\springframework\boot\spring-boot-autoconfigure\2.3.12.RELEASE\spring-boot-autoconfigure-2.3.12.RELEASE.jar;D:\ArikanFiles\Maven3.5.3\Repo\org\springframework\security\oauth\spring-security-oauth2\2.3.4.RELEASE\spring-security-oauth2-2.3.4.RELEASE.jar;D:\ArikanFiles\Maven3.5.3\Repo\org\springframework\security\spring-security-core\5.3.9.RELEASE\spring-security-core-5.3.9.RELEASE.jar;D:\ArikanFiles\Maven3.5.3\Repo\org\springframework\security\spring-security-config\5.3.9.RELEASE\spring-security-config-5.3.9.RELEASE.jar;D:\ArikanFiles\Maven3.5.3\Repo\org\springframework\security\spring-security-web\5.3.9.RELEASE\spring-security-web-5.3.9.RELEASE.jar;D:\ArikanFiles\Maven3.5.3\Repo\org\codehaus\jackson\jackson-mapper-asl\1.9.13\jackson-mapper-asl-1.9.13.jar;D:\ArikanFiles\Maven3.5.3\Repo\org\codehaus\jackson\jackson-core-asl\1.9.13\jackson-core-asl-1.9.13.jar;D:\ArikanFiles\Maven3.5.3\Repo\org\springframework\security\spring-security-jwt\1.0.9.RELEASE\spring-security-jwt-1.0.9.RELEASE.jar;D:\ArikanFiles\Maven3.5.3\Repo\org\bouncycastle\bcpkix-jdk15on\1.56\bcpkix-jdk15on-1.56.jar;D:\ArikanFiles\Maven3.5.3\Repo\org\bouncycastle\bcprov-jdk15on\1.56\bcprov-jdk15on-1.56.jar;D:\ArikanFiles\Maven3.5.3\Repo\org\springframework\boot\spring-boot-starter-web\2.3.12.RELEASE\spring-boot-starter-web-2.3.12.RELEASE.jar;D:\ArikanFiles\Maven3.5.3\Repo\org\springframework\boot\spring-boot-starter\2.3.12.RELEASE\spring-boot-starter-2.3.12.RELEASE.jar;D:\ArikanFiles\Maven3.5.3\Repo\org\springframework\boot\spring-boot-starter-logging\2.3.12.RELEASE\spring-boot-starter-logging-2.3.12.RELEASE.jar;D:\ArikanFiles\Maven3.5.3\Repo\ch\qos\logback\logback-classic\1.2.3\logback-classic-1.2.3.jar;D:\ArikanFiles\Maven3.5.3\Repo\ch\qos\logback\logback-core\1.2.3\logback-core-1.2.3.jar;D:\ArikanFiles\Maven3.5.3\Repo\org\apache\logging\log4j\log4j-to-slf4j\2.13.3\log4j-to-slf4j-2.13.3.jar;D:\ArikanFiles\Maven3.5.3\Repo\org\apache\logging\log4j\log4j-api\2.13.3\log4j-api-2.13.3.jar;D:\ArikanFiles\Maven3.5.3\Repo\org\slf4j\jul-to-slf4j\1.7.30\jul-to-slf4j-1.7.30.jar;D:\ArikanFiles\Maven3.5.3\Repo\jakarta\annotation\jakarta.annotation-api\1.3.5\jakarta.annotation-api-1.3.5.jar;D:\ArikanFiles\Maven3.5.3\Repo\org\springframework\spring-core\5.2.15.RELEASE\spring-core-5.2.15.RELEASE.jar;D:\ArikanFiles\Maven3.5.3\Repo\org\springframework\spring-jcl\5.2.15.RELEASE\spring-jcl-5.2.15.RELEASE.jar;D:\ArikanFiles\Maven3.5.3\Repo\org\yaml\snakeyaml\1.26\snakeyaml-1.26.jar;D:\ArikanFiles\Maven3.5.3\Repo\org\springframework\boot\spring-boot-starter-json\2.3.12.RELEASE\spring-boot-starter-json-2.3.12.RELEASE.jar;D:\ArikanFiles\Maven3.5.3\Repo\com\fasterxml\jackson\datatype\jackson-datatype-jdk8\2.11.4\jackson-datatype-jdk8-2.11.4.jar;D:\ArikanFiles\Maven3.5.3\Repo\com\fasterxml\jackson\datatype\jackson-datatype-jsr310\2.11.4\jackson-datatype-jsr310-2.11.4.jar;D:\ArikanFiles\Maven3.5.3\Repo\com\fasterxml\jackson\module\jackson-module-parameter-names\2.11.4\jackson-module-parameter-names-2.11.4.jar;D:\ArikanFiles\Maven3.5.3\Repo\org\springframework\boot\spring-boot-starter-tomcat\2.3.12.RELEASE\spring-boot-starter-tomcat-2.3.12.RELEASE.jar;D:\ArikanFiles\Maven3.5.3\Repo\org\apache\tomcat\embed\tomcat-embed-core\9.0.46\tomcat-embed-core-9.0.46.jar;D:\ArikanFiles\Maven3.5.3\Repo\org\glassfish\jakarta.el\3.0.3\jakarta.el-3.0.3.jar;D:\ArikanFiles\Maven3.5.3\Repo\org\apache\tomcat\embed\tomcat-embed-websocket\9.0.46\tomcat-embed-websocket-9.0.46.jar;D:\ArikanFiles\Maven3.5.3\Repo\org\springframework\spring-web\5.2.15.RELEASE\spring-web-5.2.15.RELEASE.jar;D:\ArikanFiles\Maven3.5.3\Repo\org\springframework\spring-beans\5.2.15.RELEASE\spring-beans-5.2.15.RELEASE.jar;D:\ArikanFiles\Maven3.5.3\Repo\org\springframework\spring-webmvc\5.2.15.RELEASE\spring-webmvc-5.2.15.RELEASE.jar;D:\ArikanFiles\Maven3.5.3\Repo\org\springframework\spring-aop\5.2.15.RELEASE\spring-aop-5.2.15.RELEASE.jar;D:\ArikanFiles\Maven3.5.3\Repo\org\springframework\spring-context\5.2.15.RELEASE\spring-context-5.2.15.RELEASE.jar;D:\ArikanFiles\Maven3.5.3\Repo\org\springframework\spring-expression\5.2.15.RELEASE\spring-expression-5.2.15.RELEASE.jar;D:\ArikanFiles\Maven3.5.3\Repo\org\springframework\boot\spring-boot-starter-data-redis\2.3.12.RELEASE\spring-boot-starter-data-redis-2.3.12.RELEASE.jar;D:\ArikanFiles\Maven3.5.3\Repo\org\springframework\data\spring-data-redis\2.3.9.RELEASE\spring-data-redis-2.3.9.RELEASE.jar;D:\ArikanFiles\Maven3.5.3\Repo\org\springframework\data\spring-data-keyvalue\2.3.9.RELEASE\spring-data-keyvalue-2.3.9.RELEASE.jar;D:\ArikanFiles\Maven3.5.3\Repo\org\springframework\data\spring-data-commons\2.3.9.RELEASE\spring-data-commons-2.3.9.RELEASE.jar;D:\ArikanFiles\Maven3.5.3\Repo\org\springframework\spring-tx\5.2.15.RELEASE\spring-tx-5.2.15.RELEASE.jar;D:\ArikanFiles\Maven3.5.3\Repo\org\springframework\spring-oxm\5.2.15.RELEASE\spring-oxm-5.2.15.RELEASE.jar;D:\ArikanFiles\Maven3.5.3\Repo\org\springframework\spring-context-support\5.2.15.RELEASE\spring-context-support-5.2.15.RELEASE.jar;D:\ArikanFiles\Maven3.5.3\Repo\org\slf4j\slf4j-api\1.7.30\slf4j-api-1.7.30.jar;D:\ArikanFiles\Maven3.5.3\Repo\io\lettuce\lettuce-core\5.3.7.RELEASE\lettuce-core-5.3.7.RELEASE.jar;D:\ArikanFiles\Maven3.5.3\Repo\io\netty\netty-common\4.1.65.Final\netty-common-4.1.65.Final.jar;D:\ArikanFiles\Maven3.5.3\Repo\io\netty\netty-handler\4.1.65.Final\netty-handler-4.1.65.Final.jar;D:\ArikanFiles\Maven3.5.3\Repo\io\netty\netty-resolver\4.1.65.Final\netty-resolver-4.1.65.Final.jar;D:\ArikanFiles\Maven3.5.3\Repo\io\netty\netty-buffer\4.1.65.Final\netty-buffer-4.1.65.Final.jar;D:\ArikanFiles\Maven3.5.3\Repo\io\netty\netty-codec\4.1.65.Final\netty-codec-4.1.65.Final.jar;D:\ArikanFiles\Maven3.5.3\Repo\io\netty\netty-transport\4.1.65.Final\netty-transport-4.1.65.Final.jar;D:\ArikanFiles\Maven3.5.3\Repo\io\projectreactor\reactor-core\3.3.17.RELEASE\reactor-core-3.3.17.RELEASE.jar;D:\ArikanFiles\Maven3.5.3\Repo\org\reactivestreams\reactive-streams\1.0.3\reactive-streams-1.0.3.jar;D:\ArikanFiles\Maven3.5.3\Repo\org\springframework\boot\spring-boot-starter-jdbc\2.3.12.RELEASE\spring-boot-starter-jdbc-2.3.12.RELEASE.jar;D:\ArikanFiles\Maven3.5.3\Repo\com\zaxxer\HikariCP\3.4.5\HikariCP-3.4.5.jar;D:\ArikanFiles\Maven3.5.3\Repo\org\springframework\spring-jdbc\5.2.15.RELEASE\spring-jdbc-5.2.15.RELEASE.jar;D:\ArikanFiles\Maven3.5.3\Repo\mysql\mysql-connector-java\8.0.25\mysql-connector-java-8.0.25.jar;D:\ArikanFiles\Maven3.5.3\Repo\org\projectlombok\lombok\1.18.20\lombok-1.18.20.jar;D:\ArikanFiles\Maven3.5.3\Repo\io\swagger\swagger-annotations\1.5.20\swagger-annotations-1.5.20.jar;D:\ArikanFiles\Maven3.5.3\Repo\com\baomidou\mybatis-plus-annotation\3.3.2\mybatis-plus-annotation-3.3.2.jar;D:\ArikanFiles\Maven3.5.3\Repo\org\mybatis\mybatis\3.5.4\mybatis-3.5.4.jar;D:\ArikanFiles\Maven3.5.3\Repo\com\fasterxml\jackson\core\jackson-annotations\2.11.4\jackson-annotations-2.11.4.jar;"/>
    <property name="sun.cpu.endian" value="little"/>
    <property name="user.home" value="C:\Users\Arikan"/>
    <property name="user.language" value="zh"/>
    <property name="java.specification.vendor" value="Oracle Corporation"/>
    <property name="java.home" value="D:\ArikanFiles\JDK\jdk1.8\jre"/>
    <property name="basedir" value="D:\Arikan_Proj\coin-exchage\coin-iaas\authorization-server"/>
    <property name="file.separator" value="\"/>
    <property name="line.separator" value="&#10;"/>
    <property name="java.vm.specification.vendor" value="Oracle Corporation"/>
    <property name="java.specification.name" value="Java Platform API Specification"/>
    <property name="java.awt.graphicsenv" value="sun.awt.Win32GraphicsEnvironment"/>
    <property name="surefire.real.class.path" value="C:\Users\Arikan\AppData\Local\Temp\surefire3459876677616337343\surefirebooter2841739427449999091.jar"/>
    <property name="sun.boot.class.path" value="D:\ArikanFiles\JDK\jdk1.8\jre\lib\resources.jar;D:\ArikanFiles\JDK\jdk1.8\jre\lib\rt.jar;D:\ArikanFiles\JDK\jdk1.8\jre\lib\jsse.jar;D:\ArikanFiles\JDK\jdk1.8\jre\lib\jce.jar;D:\ArikanFiles\JDK\jdk1.8\jre\lib\charsets.jar;D:\ArikanFiles\JDK\jdk1.8\jre\lib\jfr.jar;D:\ArikanFiles\JDK\jdk1.8\jre\classes"/>
    <property name="user.script" value=""/>
    <property name="sun.management.compiler" value="HotSpot 64-Bit Tiered Compilers"/>
    <property name="java.runtime.version" value="1.8.0_411-b09"/>
    <property name="user.name" value="Arikan"/>
    <property name="path.separator" value=";"/>
    <property name="os.version" value="10.0"/>
    <property name="java.endorsed.dirs" value="D:\ArikanFiles\JDK\jdk1.8\jre\lib\endorsed"/>
    <property name="java.runtime.name" value="Java(TM) SE Runtime Environment"/>
    <property name="file.encoding" value="GBK"/>
    <property name="java.vm.name" value="Java HotSpot(TM) 64-Bit Server VM"/>
    <property name="localRepository" value="D:\ArikanFiles\Maven3.5.3\Repo"/>
    <property name="java.vendor.url.bug" value="http://bugreport.sun.com/bugreport/"/>
    <property name="java.io.tmpdir" value="C:\Users\Arikan\AppData\Local\Temp\"/>
    <property name="java.version" value="1.8.0_411"/>
    <property name="user.dir" value="D:\Arikan_Proj\coin-exchage\coin-iaas\authorization-server"/>
    <property name="os.arch" value="amd64"/>
    <property name="java.vm.specification.name" value="Java Virtual Machine Specification"/>
    <property name="java.awt.printerjob" value="sun.awt.windows.WPrinterJob"/>
    <property name="sun.os.patch.level" value=""/>
    <property name="java.library.path" value="D:\ArikanFiles\JDK\jdk1.8\jre\bin;C:\Windows\Sun\Java\bin;C:\Windows\system32;C:\Windows;D:\ArikanFiles\JDK\jdk1.8\bin;D:\ArikanFiles\Maven3.5.3\apache-maven-3.5.3\bin;D:\ArikanFiles\MySQL8.0.33\installDir\bin;C:\Windows\system32;C:\Windows;C:\Windows\System32\Wbem;C:\Windows\System32\WindowsPowerShell\v1.0\;C:\Windows\System32\OpenSSH\;C:\Program Files (x86)\NVIDIA Corporation\PhysX\Common;C:\Program Files\NVIDIA Corporation\NVIDIA NvDLISR;C:\Program Files\dotnet\;D:\ArikanFiles\XShell8.0.0069\;D:\ArikanFiles\XFTP8.0.0068\;D:\ArikanFiles\Redis5.0.14\;D:\ArikanFiles\Git2.44.0\Git\cmd;D:\ArikanFiles\NVM\nvm;D:\ArikanFiles\NVM\nvm4w\nodejs;C:\Users\Arikan\AppData\Local\Microsoft\WindowsApps;D:\ArikanFiles\IDEAU2022.3.2\IntelliJ IDEA 2022.3.2\bin;;D:\ArikanFiles\VSCode1.99.2\Microsoft VS Code\bin;D:\ArikanFiles\NVM\nvm;D:\ArikanFiles\NVM\nvm4w\nodejs;."/>
    <property name="java.vm.info" value="mixed mode"/>
    <property name="java.vendor" value="Oracle Corporation"/>
    <property name="java.vm.version" value="25.411-b09"/>
    <property name="java.specification.maintenance.version" value="5"/>
    <property name="java.ext.dirs" value="D:\ArikanFiles\JDK\jdk1.8\jre\lib\ext;C:\Windows\Sun\Java\lib\ext"/>
    <property name="sun.io.unicode.encoding" value="UnicodeLittle"/>
    <property name="java.class.version" value="52.0"/>
  </properties>
  <testcase name="testApp" classname="com.wang.AppTest" time="0"/>
</testsuite>